  Game_Realization.cpp
C:\Users\ivanr\OneDrive\Рабочий стол\Учебники и задачники в унике\2курс\АСД\Лабораторные\Otello\Otello\Game_Realization.cpp(39,53): warning C4244: аргумент: преобразование "int" в "float", возможна потеря данных
C:\Users\ivanr\OneDrive\Рабочий стол\Учебники и задачники в унике\2курс\АСД\Лабораторные\Otello\Otello\Game_Realization.cpp(39,34): warning C4244: аргумент: преобразование "int" в "float", возможна потеря данных
C:\Users\ivanr\OneDrive\Рабочий стол\Учебники и задачники в унике\2курс\АСД\Лабораторные\Otello\Otello\Game_Realization.cpp(147,74): warning C4244: аргумент: преобразование "int" в "float", возможна потеря данных
C:\Users\ivanr\OneDrive\Рабочий стол\Учебники и задачники в унике\2курс\АСД\Лабораторные\Otello\Otello\Game_Realization.cpp(147,50): warning C4244: аргумент: преобразование "int" в "float", возможна потеря данных
C:\Users\ivanr\OneDrive\Рабочий стол\Учебники и задачники в унике\2курс\АСД\Лабораторные\Otello\Otello\Game_Realization.cpp(151,71): warning C4244: аргумент: преобразование "int" в "float", возможна потеря данных
C:\Users\ivanr\OneDrive\Рабочий стол\Учебники и задачники в унике\2курс\АСД\Лабораторные\Otello\Otello\Game_Realization.cpp(151,50): warning C4244: аргумент: преобразование "int" в "float", возможна потеря данных
C:\Users\ivanr\OneDrive\Рабочий стол\Учебники и задачники в унике\2курс\АСД\Лабораторные\Otello\Otello\Game_Realization.cpp(156,63): warning C4244: аргумент: преобразование "int" в "float", возможна потеря данных
C:\Users\ivanr\OneDrive\Рабочий стол\Учебники и задачники в унике\2курс\АСД\Лабораторные\Otello\Otello\Game_Realization.cpp(156,39): warning C4244: аргумент: преобразование "int" в "float", возможна потеря данных
C:\Users\ivanr\OneDrive\Рабочий стол\Учебники и задачники в унике\2курс\АСД\Лабораторные\Otello\Otello\Game_Realization.cpp(202,46): warning C4244: =: преобразование "T" в "int", возможна потеря данных
          with
          [
              T=float
          ]
C:\Users\ivanr\OneDrive\Рабочий стол\Учебники и задачники в унике\2курс\АСД\Лабораторные\Otello\Otello\Game_Realization.cpp(203,46): warning C4244: =: преобразование "T" в "int", возможна потеря данных
          with
          [
              T=float
          ]
C:\Users\ivanr\OneDrive\Рабочий стол\Учебники и задачники в унике\2курс\АСД\Лабораторные\Otello\Otello\Game_Realization.cpp(579,9): warning C4244: return: преобразование "float" в "int", возможна потеря данных
  Otello.vcxproj -> C:\Users\ivanr\OneDrive\Рабочий стол\Учебники и задачники в унике\2курс\АСД\Лабораторные\Otello\Otello\x64\Debug\Otello.exe
